<?xml version="1.0" encoding="UTF-8"?>
<!-- Generated by org.testng.reporters.JUnitXMLReporter -->
<testsuite ignored="6" hostname="DESKTOP-7KHGDTP" failures="0" tests="4" name="Test" time="46.865" errors="0" timestamp="2022-12-12T02:46:04 EET">
  <testcase classname="testCases.TC1_ValidateSignUp" name="SignUp" time="9.986"/>
  <testcase classname="testCases.TC2_ValidateLogin" name="Login" time="2.656"/>
  <testcase classname="testCases.TC3_VallidateAddItemToCard" name="AddItemToCard" time="15.201"/>
  <testcase classname="testCases.TC4_ValidateCheckout" name="CheckOut" time="12.412"/>
  <testcase classname="base.Base" name="@BeforeTest setup" time="0.0">
    <ignored/>
  </testcase> <!-- @BeforeTest setup -->
  <testcase classname="base.Base" name="@BeforeTest setup" time="0.0">
    <ignored/>
  </testcase> <!-- @BeforeTest setup -->
  <testcase classname="base.Base" name="@BeforeTest setup" time="0.0">
    <ignored/>
  </testcase> <!-- @BeforeTest setup -->
  <testcase classname="base.Base" name="@AfterTest stopDriver" time="0.0">
    <ignored/>
  </testcase> <!-- @AfterTest stopDriver -->
  <testcase classname="base.Base" name="@AfterTest stopDriver" time="0.0">
    <ignored/>
  </testcase> <!-- @AfterTest stopDriver -->
  <testcase classname="base.Base" name="@AfterTest stopDriver" time="0.0">
    <ignored/>
  </testcase> <!-- @AfterTest stopDriver -->
</testsuite> <!-- Test -->
